TN:
SF:api\v1\bank_accounts\controller.js
FN:7,getAllBankAccounts
FN:16,getBankAccountById
FN:30,createBankAccount
FN:40,updateBankAccount
FN:51,deleteBankAccount
FNF:5
FNH:1
FNDA:1,getAllBankAccounts
FNDA:0,getBankAccountById
FNDA:0,createBankAccount
FNDA:0,updateBankAccount
FNDA:0,deleteBankAccount
DA:1,1
DA:2,1
DA:3,1
DA:4,1
DA:5,1
DA:6,1
DA:7,1
DA:8,1
DA:9,1
DA:10,0
DA:11,1
DA:12,1
DA:13,1
DA:14,1
DA:15,1
DA:16,1
DA:17,0
DA:18,0
DA:19,0
DA:20,0
DA:21,0
DA:22,0
DA:23,0
DA:24,0
DA:25,0
DA:26,0
DA:27,0
DA:28,0
DA:29,1
DA:30,1
DA:31,0
DA:32,0
DA:33,0
DA:34,0
DA:35,0
DA:36,0
DA:37,0
DA:38,0
DA:39,1
DA:40,1
DA:41,0
DA:42,0
DA:43,0
DA:44,0
DA:45,0
DA:46,0
DA:47,0
DA:48,0
DA:49,0
DA:50,1
DA:51,1
DA:52,0
DA:53,0
DA:54,0
DA:55,0
DA:56,0
DA:57,0
DA:58,0
DA:59,0
DA:60,1
DA:61,1
DA:62,1
LF:62
LH:24
BRDA:7,0,0,1
BRDA:9,1,0,0
BRF:2
BRH:1
end_of_record
TN:
SF:api\v1\bank_accounts\service.js
FN:3,getAll
FN:11,getById
FN:22,create
FN:30,update
FN:42,deleteData
FNF:5
FNH:1
FNDA:1,getAll
FNDA:0,getById
FNDA:0,create
FNDA:0,update
FNDA:0,deleteData
DA:1,1
DA:2,1
DA:3,1
DA:4,1
DA:5,1
DA:6,1
DA:7,1
DA:8,1
DA:9,1
DA:10,1
DA:11,1
DA:12,0
DA:13,0
DA:14,0
DA:15,0
DA:16,0
DA:17,0
DA:18,0
DA:19,0
DA:20,0
DA:21,1
DA:22,1
DA:23,0
DA:24,0
DA:25,0
DA:26,0
DA:27,0
DA:28,0
DA:29,1
DA:30,1
DA:31,0
DA:32,0
DA:33,0
DA:34,0
DA:35,0
DA:36,0
DA:37,0
DA:38,0
DA:39,0
DA:40,1
DA:41,1
DA:42,1
DA:43,0
DA:44,0
DA:45,0
DA:46,0
DA:47,0
DA:48,0
DA:49,1
DA:50,1
LF:50
LH:20
BRDA:3,0,0,1
BRF:1
BRH:1
end_of_record
TN:
SF:api\v1\helper\response.js
FN:1,response
FNF:1
FNH:1
FNDA:1,response
DA:1,1
DA:2,1
DA:3,1
DA:4,1
DA:5,1
DA:6,1
DA:7,1
DA:8,1
LF:8
LH:8
BRDA:1,0,0,1
BRF:1
BRH:1
end_of_record
TN:
SF:config\db.js
FNF:0
FNH:0
DA:1,1
DA:2,1
DA:3,1
DA:4,1
LF:4
LH:4
BRF:0
BRH:0
end_of_record
